<?xml version="1.0" encoding="UTF-8"?>
<!-- Generated by org.testng.reporters.JUnitXMLReporter -->
<testsuite ignored="0" hostname="DESKTOP-644HN6S" failures="0" tests="3" name="Test" time="21.153" errors="0" timestamp="2026-01-29T16:59:13 IST">
  <testcase classname="TestCases.TC_001_validating_ProductsPage_Functionality" name="TestHomePage" time="0.003"/>
  <testcase classname="TestCases.TC_001_validating_ProductsPage_Functionality" name="backpack_isDisplayed" time="0.0"/>
  <testcase classname="TestCases.TC_002_Validating_LoginFunctionality" name="TestLogin" time="13.343"/>
</testsuite> <!-- Test -->
