<?xml version="1.0" encoding="UTF-8"?>
<!-- Generated by org.testng.reporters.JUnitXMLReporter -->
<testsuite ignored="0" hostname="DESKTOP-644HN6S" failures="1" tests="2" name="Test" time="21.593" errors="0" timestamp="2026-01-28T15:46:31 IST">
  <testcase classname="TestCases.TC_001_validating_ProductsPage_Functionality" name="TestHomePage" time="0.024">
    <failure type="java.lang.AssertionError" message="expected [false] but found [true]">
      <![CDATA[java.lang.AssertionError: expected [false] but found [true]
at TestCases.TC_001_validating_ProductsPage_Functionality.TestHomePage(TC_001_validating_ProductsPage_Functionality.java:29)
at java.base/java.util.ArrayList.forEach(ArrayList.java:1511)
... Removed 31 stack frames]]>
    </failure>
  </testcase> <!-- TestHomePage -->
  <testcase classname="TestCases.TC_002_Validating_LoginFunctionality" name="TestLogin" time="13.351"/>
</testsuite> <!-- Test -->
