<?xml version="1.0" encoding="UTF-8"?>
<!-- Generated by org.testng.reporters.JUnitXMLReporter -->
<testsuite ignored="0" hostname="DESKTOP-644HN6S" failures="2" tests="3" name="Test" time="20.805" errors="0" timestamp="2026-01-29T17:33:50 IST">
  <testcase classname="TestCases.TC_001_validating_ProductsPage_Functionality" name="TestHomePage" time="0.01">
    <failure type="java.lang.AssertionError" message="expected [false] but found [true]">
      <![CDATA[java.lang.AssertionError: expected [false] but found [true]
at TestCases.TC_001_validating_ProductsPage_Functionality.TestHomePage(TC_001_validating_ProductsPage_Functionality.java:29)
at java.base/java.util.ArrayList.forEach(ArrayList.java:1511)
... Removed 31 stack frames]]>
    </failure>
  </testcase> <!-- TestHomePage -->
  <testcase classname="TestCases.TC_001_validating_ProductsPage_Functionality" name="backpack_isDisplayed" time="0.004"/>
  <testcase classname="TestCases.TC_002_Validating_LoginFunctionality" name="TestLogin" time="13.342">
    <failure type="java.lang.AssertionError" message="expected [Products] but found [true]">
      <![CDATA[java.lang.AssertionError: expected [Products] but found [true]
at TestCases.TC_002_Validating_LoginFunctionality.TestLogin(TC_002_Validating_LoginFunctionality.java:40)
at java.base/java.util.ArrayList.forEach(ArrayList.java:1511)
... Removed 32 stack frames]]>
    </failure>
  </testcase> <!-- TestLogin -->
</testsuite> <!-- Test -->
