<?xml version="1.0" encoding="UTF-8"?>
<testng-results ignored="0" total="3" passed="3" failed="0" skipped="0">
  <reporter-output>
  </reporter-output>
  <suite started-at="2026-01-29T16:58:52 IST" name="Suite" finished-at="2026-01-29T16:59:13 IST" duration-ms="21153">
    <groups>
      <group name="smoke">
        <method signature="TC_001_validating_ProductsPage_Functionality.TestHomePage()[pri:0, instance:TestCases.TC_001_validating_ProductsPage_Functionality@5c90e579]" name="TestHomePage" class="TestCases.TC_001_validating_ProductsPage_Functionality"/>
      </group> <!-- smoke -->
    </groups>
    <test started-at="2026-01-29T16:58:52 IST" name="Test" finished-at="2026-01-29T16:59:13 IST" duration-ms="21153">
      <class name="TestCases.TC_002_Validating_LoginFunctionality">
        <test-method is-config="true" signature="setup()[pri:0, instance:TestCases.TC_002_Validating_LoginFunctionality@291b4bf5]" started-at="2026-01-29T16:58:56 IST" name="setup" finished-at="2026-01-29T16:58:59 IST" duration-ms="3264" status="PASS">
          <reporter-output>
          </reporter-output>
        </test-method> <!-- setup -->
        <test-method signature="TestLogin()[pri:0, instance:TestCases.TC_002_Validating_LoginFunctionality@291b4bf5]" started-at="2026-01-29T16:58:59 IST" name="TestLogin" finished-at="2026-01-29T16:59:13 IST" duration-ms="13343" status="PASS">
          <reporter-output>
          </reporter-output>
        </test-method> <!-- TestLogin -->
        <test-method is-config="true" signature="teardown()[pri:0, instance:TestCases.TC_002_Validating_LoginFunctionality@291b4bf5]" started-at="2026-01-29T16:59:13 IST" name="teardown" finished-at="2026-01-29T16:59:13 IST" duration-ms="214" status="PASS">
          <reporter-output>
          </reporter-output>
        </test-method> <!-- teardown -->
      </class> <!-- TestCases.TC_002_Validating_LoginFunctionality -->
      <class name="TestCases.TC_001_validating_ProductsPage_Functionality">
        <test-method is-config="true" signature="setup()[pri:0, instance:TestCases.TC_001_validating_ProductsPage_Functionality@5c90e579]" started-at="2026-01-29T16:58:52 IST" name="setup" finished-at="2026-01-29T16:58:56 IST" duration-ms="4137" status="PASS">
          <reporter-output>
          </reporter-output>
        </test-method> <!-- setup -->
        <test-method signature="TestHomePage()[pri:0, instance:TestCases.TC_001_validating_ProductsPage_Functionality@5c90e579]" started-at="2026-01-29T16:58:56 IST" name="TestHomePage" finished-at="2026-01-29T16:58:56 IST" duration-ms="3" status="PASS">
          <reporter-output>
          </reporter-output>
        </test-method> <!-- TestHomePage -->
        <test-method signature="backpack_isDisplayed()[pri:0, instance:TestCases.TC_001_validating_ProductsPage_Functionality@5c90e579]" started-at="2026-01-29T16:58:56 IST" name="backpack_isDisplayed" finished-at="2026-01-29T16:58:56 IST" duration-ms="0" status="PASS">
          <reporter-output>
          </reporter-output>
        </test-method> <!-- backpack_isDisplayed -->
        <test-method is-config="true" signature="teardown()[pri:0, instance:TestCases.TC_001_validating_ProductsPage_Functionality@5c90e579]" started-at="2026-01-29T16:58:56 IST" name="teardown" finished-at="2026-01-29T16:58:56 IST" duration-ms="154" status="PASS">
          <reporter-output>
          </reporter-output>
        </test-method> <!-- teardown -->
      </class> <!-- TestCases.TC_001_validating_ProductsPage_Functionality -->
    </test> <!-- Test -->
  </suite> <!-- Suite -->
</testng-results>
