<?xml version="1.0" encoding="UTF-8"?>
<testng-results ignored="0" total="2" passed="1" failed="1" skipped="0">
  <reporter-output>
  </reporter-output>
  <suite started-at="2026-01-28T15:46:10 IST" name="Suite" finished-at="2026-01-28T15:46:31 IST" duration-ms="21593">
    <groups>
      <group name="smoke">
        <method signature="TC_001_validating_ProductsPage_Functionality.TestHomePage()[pri:0, instance:TestCases.TC_001_validating_ProductsPage_Functionality@557caf28]" name="TestHomePage" class="TestCases.TC_001_validating_ProductsPage_Functionality"/>
      </group> <!-- smoke -->
    </groups>
    <test started-at="2026-01-28T15:46:10 IST" name="Test" finished-at="2026-01-28T15:46:31 IST" duration-ms="21593">
      <class name="TestCases.TC_002_Validating_LoginFunctionality">
        <test-method is-config="true" signature="setup()[pri:0, instance:TestCases.TC_002_Validating_LoginFunctionality@292b08d6]" started-at="2026-01-28T15:46:14 IST" name="setup" finished-at="2026-01-28T15:46:18 IST" duration-ms="3619" status="PASS">
          <reporter-output>
          </reporter-output>
        </test-method> <!-- setup -->
        <test-method signature="TestLogin()[pri:0, instance:TestCases.TC_002_Validating_LoginFunctionality@292b08d6]" started-at="2026-01-28T15:46:18 IST" name="TestLogin" finished-at="2026-01-28T15:46:31 IST" duration-ms="13351" status="PASS">
          <reporter-output>
          </reporter-output>
        </test-method> <!-- TestLogin -->
        <test-method is-config="true" signature="teardown()[pri:0, instance:TestCases.TC_002_Validating_LoginFunctionality@292b08d6]" started-at="2026-01-28T15:46:31 IST" name="teardown" finished-at="2026-01-28T15:46:31 IST" duration-ms="165" status="PASS">
          <reporter-output>
          </reporter-output>
        </test-method> <!-- teardown -->
      </class> <!-- TestCases.TC_002_Validating_LoginFunctionality -->
      <class name="TestCases.TC_001_validating_ProductsPage_Functionality">
        <test-method is-config="true" signature="setup()[pri:0, instance:TestCases.TC_001_validating_ProductsPage_Functionality@557caf28]" started-at="2026-01-28T15:46:10 IST" name="setup" finished-at="2026-01-28T15:46:14 IST" duration-ms="4168" status="PASS">
          <reporter-output>
          </reporter-output>
        </test-method> <!-- setup -->
        <test-method signature="TestHomePage()[pri:0, instance:TestCases.TC_001_validating_ProductsPage_Functionality@557caf28]" started-at="2026-01-28T15:46:14 IST" name="TestHomePage" finished-at="2026-01-28T15:46:14 IST" duration-ms="24" status="FAIL">
          <exception class="java.lang.AssertionError">
            <message>
              <![CDATA[expected [false] but found [true]]]>
            </message>
            <full-stacktrace>
              <![CDATA[java.lang.AssertionError: expected [false] but found [true]
at org.testng.Assert.fail(Assert.java:111)
at org.testng.Assert.failNotEquals(Assert.java:1578)
at org.testng.Assert.assertFalse(Assert.java:79)
at org.testng.Assert.assertFalse(Assert.java:89)
at TestCases.TC_001_validating_ProductsPage_Functionality.TestHomePage(TC_001_validating_ProductsPage_Functionality.java:29)
at java.base/jdk.internal.reflect.NativeMethodAccessorImpl.invoke0(Native Method)
at java.base/jdk.internal.reflect.NativeMethodAccessorImpl.invoke(NativeMethodAccessorImpl.java:77)
at java.base/jdk.internal.reflect.DelegatingMethodAccessorImpl.invoke(DelegatingMethodAccessorImpl.java:43)
at java.base/java.lang.reflect.Method.invoke(Method.java:568)
at org.testng.internal.invokers.MethodInvocationHelper.invokeMethod(MethodInvocationHelper.java:141)
at org.testng.internal.invokers.TestInvoker.invokeMethod(TestInvoker.java:686)
at org.testng.internal.invokers.TestInvoker.invokeTestMethod(TestInvoker.java:230)
at org.testng.internal.invokers.MethodRunner.runInSequence(MethodRunner.java:63)
at org.testng.internal.invokers.TestInvoker$MethodInvocationAgent.invoke(TestInvoker.java:992)
at org.testng.internal.invokers.TestInvoker.invokeTestMethods(TestInvoker.java:203)
at org.testng.internal.invokers.TestMethodWorker.invokeTestMethods(TestMethodWorker.java:154)
at org.testng.internal.invokers.TestMethodWorker.run(TestMethodWorker.java:134)
at java.base/java.util.ArrayList.forEach(ArrayList.java:1511)
at org.testng.TestRunner.privateRun(TestRunner.java:739)
at org.testng.TestRunner.run(TestRunner.java:614)
at org.testng.SuiteRunner.runTest(SuiteRunner.java:421)
at org.testng.SuiteRunner.runSequentially(SuiteRunner.java:413)
at org.testng.SuiteRunner.privateRun(SuiteRunner.java:373)
at org.testng.SuiteRunner.run(SuiteRunner.java:312)
at org.testng.SuiteRunnerWorker.runSuite(SuiteRunnerWorker.java:52)
at org.testng.SuiteRunnerWorker.run(SuiteRunnerWorker.java:95)
at org.testng.TestNG.runSuitesSequentially(TestNG.java:1274)
at org.testng.TestNG.runSuitesLocally(TestNG.java:1208)
at org.testng.TestNG.runSuites(TestNG.java:1112)
at org.testng.TestNG.run(TestNG.java:1079)
at org.testng.remote.AbstractRemoteTestNG.run(AbstractRemoteTestNG.java:115)
at org.testng.remote.RemoteTestNG.initAndRun(RemoteTestNG.java:293)
at org.testng.remote.RemoteTestNG.main(RemoteTestNG.java:91)
]]>
            </full-stacktrace>
          </exception> <!-- java.lang.AssertionError -->
          <reporter-output>
          </reporter-output>
        </test-method> <!-- TestHomePage -->
        <test-method is-config="true" signature="teardown()[pri:0, instance:TestCases.TC_001_validating_ProductsPage_Functionality@557caf28]" started-at="2026-01-28T15:46:14 IST" name="teardown" finished-at="2026-01-28T15:46:14 IST" duration-ms="228" status="PASS">
          <reporter-output>
          </reporter-output>
        </test-method> <!-- teardown -->
      </class> <!-- TestCases.TC_001_validating_ProductsPage_Functionality -->
    </test> <!-- Test -->
  </suite> <!-- Suite -->
</testng-results>
