<?xml version="1.0" encoding="UTF-8"?>
<!-- Generated by org.testng.reporters.JUnitReportReporter -->
<testsuite hostname="DESKTOP-644HN6S" failures="0" tests="2" name="TestCases.TC_001_validating_ProductsPage_Functionality" time="0.003" errors="0" timestamp="2026-01-29T16:59:13 IST" skipped="0">
  <testcase classname="TestCases.TC_001_validating_ProductsPage_Functionality" name="backpack_isDisplayed" time="0.000"/>
  <testcase classname="TestCases.TC_001_validating_ProductsPage_Functionality" name="TestHomePage" time="0.003"/>
</testsuite> <!-- TestCases.TC_001_validating_ProductsPage_Functionality -->
